<?xml version="1.0" encoding="UTF-8"?>
<!-- Generated by org.testng.reporters.JUnitReportReporter -->
<testsuite hostname="LAPTOP-H7D89UKD" failures="0" tests="1" name="frameworkConcept.ErrorValidation" time="2.736" errors="0" timestamp="2023-06-07T18:40:19 IST" skipped="0">
  <testcase classname="frameworkConcept.ErrorValidation" name="SubmitOrder" time="2.736"/>
  <system-out/>
</testsuite> <!-- frameworkConcept.ErrorValidation -->
